<?xml version="1.0" encoding="UTF-8"?>
<testsuite name="UsuarioDAOImplTeste" tests="5" skipped="0" failures="0" errors="0" timestamp="2018-11-19T11:32:01" hostname="lab30118" time="0.023">
  <properties/>
  <testcase name="testBusca()" classname="UsuarioDAOImplTeste" time="0.002"/>
  <testcase name="testRemover()" classname="UsuarioDAOImplTeste" time="0.003"/>
  <testcase name="testAtualizar()" classname="UsuarioDAOImplTeste" time="0.002"/>
  <testcase name="testListar()" classname="UsuarioDAOImplTeste" time="0.012"/>
  <testcase name="testInserir()" classname="UsuarioDAOImplTeste" time="0.002"/>
  <system-out><![CDATA[]]></system-out>
  <system-err><![CDATA[]]></system-err>
</testsuite>
