<?xml version="1.0" encoding="UTF-8"?>
<testsuite name="ContatoDAOImplTeste" tests="5" skipped="0" failures="0" errors="0" timestamp="2018-11-19T11:31:51" hostname="lab30118" time="0.015">
  <properties/>
  <testcase name="testBuscarNome()" classname="ContatoDAOImplTeste" time="0.008"/>
  <testcase name="testRemover()" classname="ContatoDAOImplTeste" time="0.002"/>
  <testcase name="testAtualizar()" classname="ContatoDAOImplTeste" time="0.001"/>
  <testcase name="testListar()" classname="ContatoDAOImplTeste" time="0.001"/>
  <testcase name="testInserir()" classname="ContatoDAOImplTeste" time="0.001"/>
  <system-out><![CDATA[]]></system-out>
  <system-err><![CDATA[]]></system-err>
</testsuite>
