<?xml version="1.0" encoding="UTF-8"?>
<testsuite name="CasosDeTestesUsuarios" tests="14" skipped="0" failures="0" errors="0" timestamp="2018-11-19T11:31:51" hostname="lab30118" time="0.017">
  <properties/>
  <testcase name="NomeTest10()" classname="CasosDeTestesUsuarios" time="0.001"/>
  <testcase name="NomeTest1()" classname="CasosDeTestesUsuarios" time="0.0"/>
  <testcase name="NomeTest2()" classname="CasosDeTestesUsuarios" time="0.0"/>
  <testcase name="NomeTest3()" classname="CasosDeTestesUsuarios" time="0.0"/>
  <testcase name="NomeTest4()" classname="CasosDeTestesUsuarios" time="0.003"/>
  <testcase name="NomeTest5()" classname="CasosDeTestesUsuarios" time="0.0"/>
  <testcase name="NomeTest6()" classname="CasosDeTestesUsuarios" time="0.0"/>
  <testcase name="NomeTest7()" classname="CasosDeTestesUsuarios" time="0.0"/>
  <testcase name="NomeTest8()" classname="CasosDeTestesUsuarios" time="0.0"/>
  <testcase name="NomeTest9()" classname="CasosDeTestesUsuarios" time="0.0"/>
  <testcase name="SenhaTest1()" classname="CasosDeTestesUsuarios" time="0.001"/>
  <testcase name="SenhaTest2()" classname="CasosDeTestesUsuarios" time="0.001"/>
  <testcase name="SenhaTest3()" classname="CasosDeTestesUsuarios" time="0.001"/>
  <testcase name="SenhaTest4()" classname="CasosDeTestesUsuarios" time="0.001"/>
  <system-out><![CDATA[]]></system-out>
  <system-err><![CDATA[]]></system-err>
</testsuite>
